<?xml version="1.0" encoding="UTF-8"?>
<testsuite name="PhoneBookTest" tests="1" skipped="0" failures="0" errors="0" timestamp="2021-12-02T09:04:29" hostname="DESKTOP-42K10AA" time="30.917">
  <properties/>
  <testcase name="start" classname="PhoneBookTest" time="30.917"/>
  <system-out><![CDATA[?[1;31m
Start test 1?[0m
Start searching (linear search)...
Found 500 / 500 entries. Time taken:  0 min.  2 sec. 349 ms.

Start searching (bubble sort + jump search)...
Found 500 / 500 entries. Time taken:  0 min. 25 sec. 915 ms.
Sorting time:  0 min. 23 sec. 491 ms.- STOPPED, moved to linear search
Searching time:  0 min.  2 sec. 424 ms.

Start searching (quick sort + binary search)...
Found 500 / 500 entries. Time taken:  0 min.  1 sec. 251 ms.
Sorting time:  0 min.  0 sec. 625 ms.
Searching time:  0 min.  0 sec. 626 ms.

Start searching (hash table)...
Found 500 / 500 entries. Time taken:  0 min.  0 sec. 549 ms.
Creating time:  0 min.  0 sec. 274 ms.
Searching time:  0 min.  0 sec. 275 ms.

]]></system-out>
  <system-err><![CDATA[]]></system-err>
</testsuite>
